Created by PLY version 3.4 (http://www.dabeaz.com/ply)

Unused terminals:

    NUMBER
    LPAREN
    RPAREN

Grammar

Rule 0     S' -> module
Rule 1     module -> MODULE SEMICOLON ENDMODULE

Terminals, with rules where they appear

ENDMODULE            : 1
LPAREN               : 
MODULE               : 1
NUMBER               : 
RPAREN               : 
SEMICOLON            : 1
error                : 

Nonterminals, with rules where they appear

module               : 0

Parsing method: LALR

state 0

    (0) S' -> . module
    (1) module -> . MODULE SEMICOLON ENDMODULE

    MODULE          shift and go to state 2

    module                         shift and go to state 1

state 1

    (0) S' -> module .



state 2

    (1) module -> MODULE . SEMICOLON ENDMODULE

    SEMICOLON       shift and go to state 3


state 3

    (1) module -> MODULE SEMICOLON . ENDMODULE

    ENDMODULE       shift and go to state 4


state 4

    (1) module -> MODULE SEMICOLON ENDMODULE .

    $end            reduce using rule 1 (module -> MODULE SEMICOLON ENDMODULE .)

